<?xml version="1.0" encoding="UTF-8"?>
<testng-results ignored="0" total="2" passed="2" failed="0" skipped="0">
  <reporter-output>
  </reporter-output>
  <suite started-at="2021-06-30T14:26:10 IST" name="Default suite" finished-at="2021-06-30T14:26:51 IST" duration-ms="40459">
    <groups>
    </groups>
    <test started-at="2021-06-30T14:26:10 IST" name="Default test" finished-at="2021-06-30T14:26:51 IST" duration-ms="40459">
      <class name="com.flipkart.test.HomeTest">
        <test-method is-config="true" signature="beforeClass()[pri:0, instance:com.flipkart.test.HomeTest@d29f28]" started-at="2021-06-30T14:26:10 IST" name="beforeClass" finished-at="2021-06-30T14:26:30 IST" duration-ms="19731" status="PASS">
          <reporter-output>
          </reporter-output>
        </test-method> <!-- beforeClass -->
        <test-method signature="verifyElements()[pri:1, instance:com.flipkart.test.HomeTest@d29f28]" started-at="2021-06-30T14:26:30 IST" name="verifyElements" finished-at="2021-06-30T14:26:30 IST" duration-ms="156" status="PASS">
          <reporter-output>
          </reporter-output>
        </test-method> <!-- verifyElements -->
        <test-method signature="searchPhone()[pri:2, instance:com.flipkart.test.HomeTest@d29f28]" started-at="2021-06-30T14:26:30 IST" name="searchPhone" finished-at="2021-06-30T14:26:46 IST" duration-ms="16154" status="PASS">
          <reporter-output>
          </reporter-output>
        </test-method> <!-- searchPhone -->
        <test-method is-config="true" signature="afterClass()[pri:0, instance:com.flipkart.test.HomeTest@d29f28]" started-at="2021-06-30T14:26:46 IST" name="afterClass" finished-at="2021-06-30T14:26:51 IST" duration-ms="4383" status="PASS">
          <reporter-output>
          </reporter-output>
        </test-method> <!-- afterClass -->
      </class> <!-- com.flipkart.test.HomeTest -->
    </test> <!-- Default test -->
  </suite> <!-- Default suite -->
</testng-results>
